2019-08-22 13:51:41,801 - pretraining - INFO - -------------------------------------------
2019-08-22 13:51:41,801 - pretraining - INFO - num_hidden_layers1, embedding_size128, multitask_weights(0.5, 0.25, 0.25)
2019-08-22 15:13:16,728 - pretraining - INFO - finish training
2019-08-22 15:13:16,728 - pretraining - INFO - -------------------------------------------
2019-08-22 15:13:16,728 - pretraining - INFO - -------------------------------------------
2019-08-22 15:13:16,728 - pretraining - INFO - num_hidden_layers0, embedding_size128, multitask_weights(0.5, 0.25, 0.25)
2019-08-22 15:57:59,081 - pretraining - INFO - finish training
2019-08-22 15:57:59,081 - pretraining - INFO - -------------------------------------------
2019-08-22 15:57:59,081 - pretraining - INFO - -------------------------------------------
2019-08-22 15:57:59,081 - pretraining - INFO - num_hidden_layers2, embedding_size128, multitask_weights(0.5, 0.25, 0.25)
2019-08-22 17:55:53,357 - pretraining - INFO - finish training
2019-08-22 17:55:53,357 - pretraining - INFO - -------------------------------------------
2019-08-22 17:55:53,357 - pretraining - INFO - -------------------------------------------
2019-08-22 17:55:53,357 - pretraining - INFO - num_hidden_layers3, embedding_size128, multitask_weights(0.5, 0.25, 0.25)
2019-08-22 20:30:14,133 - pretraining - INFO - finish training
2019-08-22 20:30:14,133 - pretraining - INFO - -------------------------------------------
2019-08-22 20:30:14,133 - pretraining - INFO - -------------------------------------------
2019-08-22 20:30:14,133 - pretraining - INFO - num_hidden_layers1, embedding_size32, multitask_weights(0.5, 0.25, 0.25)
2019-08-22 21:50:10,200 - pretraining - INFO - finish training
2019-08-22 21:50:10,200 - pretraining - INFO - -------------------------------------------
2019-08-22 21:50:10,200 - pretraining - INFO - -------------------------------------------
2019-08-22 21:50:10,200 - pretraining - INFO - num_hidden_layers1, embedding_size64, multitask_weights(0.5, 0.25, 0.25)
2019-08-22 23:10:30,329 - pretraining - INFO - finish training
2019-08-22 23:10:30,330 - pretraining - INFO - -------------------------------------------
2019-08-22 23:10:30,330 - pretraining - INFO - -------------------------------------------
2019-08-22 23:10:30,330 - pretraining - INFO - num_hidden_layers1, embedding_size256, multitask_weights(0.5, 0.25, 0.25)
2019-08-23 00:37:35,816 - pretraining - INFO - finish training
2019-08-23 00:37:35,816 - pretraining - INFO - -------------------------------------------
2019-08-23 00:37:35,816 - pretraining - INFO - -------------------------------------------
2019-08-23 00:37:35,816 - pretraining - INFO - num_hidden_layers1, embedding_size128, multitask_weights(0.33, 0.33, 0.33)
2019-08-23 01:58:34,864 - pretraining - INFO - finish training
2019-08-23 01:58:34,864 - pretraining - INFO - -------------------------------------------
2019-08-23 01:58:34,864 - pretraining - INFO - -------------------------------------------
2019-08-23 01:58:34,864 - pretraining - INFO - num_hidden_layers1, embedding_size128, multitask_weights(0.66, 0.165, 0.165)
2019-08-23 03:19:45,510 - pretraining - INFO - finish training
2019-08-23 03:19:45,510 - pretraining - INFO - -------------------------------------------
2019-08-23 03:19:45,510 - pretraining - INFO - -------------------------------------------
2019-08-23 03:19:45,510 - pretraining - INFO - num_hidden_layers1, embedding_size128, multitask_weights(0.75, 0.125, 0.125)
2019-08-23 04:40:55,810 - pretraining - INFO - finish training
2019-08-23 04:40:55,810 - pretraining - INFO - -------------------------------------------
2019-08-23 04:40:55,810 - pretraining - INFO - -------------------------------------------
2019-08-23 04:40:55,810 - pretraining - INFO - num_hidden_layers1, embedding_size128, multitask_weights(1, 0, 0)
2019-08-23 06:01:48,041 - pretraining - INFO - finish training
2019-08-23 06:01:48,042 - pretraining - INFO - -------------------------------------------
2019-08-23 06:01:48,042 - pretraining - INFO - all done
