2019-08-28 14:56:58,015 - gbrt - INFO - ------------------------------------------------
2019-08-28 14:56:58,016 - gbrt - INFO - start year2015 layers1 emb128 multitask(0.5, 0.25, 0.25)
2019-08-28 14:57:00,164 - gbrt - INFO - training
2019-08-28 15:15:58,395 - gbrt - INFO - finish training
2019-08-28 15:15:59,270 - gbrt - INFO - test result: {'RMSE': 4.871221171210278, 'MAE': 1.7342809233412855, 'MAPE': 0.6891709222736393, 'CPC': 0.7426056686927304, 'CPL': 0.9997460261372232}
2019-08-28 15:15:59,277 - gbrt - INFO - ------------------------------------------------
2019-08-28 15:15:59,277 - gbrt - INFO - ------------------------------------------------
2019-08-28 15:15:59,277 - gbrt - INFO - start year2015 layers0 emb128 multitask(0.5, 0.25, 0.25)
2019-08-28 15:16:01,536 - gbrt - INFO - training
2019-08-28 15:35:31,314 - gbrt - INFO - finish training
2019-08-28 15:35:32,161 - gbrt - INFO - test result: {'RMSE': 5.310831359040453, 'MAE': 1.9174922199289874, 'MAPE': 0.7586245887113134, 'CPC': 0.7155249259028766, 'CPL': 1.0}
2019-08-28 15:35:32,168 - gbrt - INFO - ------------------------------------------------
2019-08-28 15:35:32,168 - gbrt - INFO - ------------------------------------------------
2019-08-28 15:35:32,168 - gbrt - INFO - start year2015 layers2 emb128 multitask(0.5, 0.25, 0.25)
2019-08-28 15:35:34,543 - gbrt - INFO - training
2019-08-28 15:52:12,870 - gbrt - INFO - finish training
2019-08-28 15:52:13,744 - gbrt - INFO - test result: {'RMSE': 4.872634436065552, 'MAE': 1.736503874795844, 'MAPE': 0.6944670863248319, 'CPC': 0.7424005209765433, 'CPL': 0.9994504811741478}
2019-08-28 15:52:13,750 - gbrt - INFO - ------------------------------------------------
2019-08-28 15:52:13,750 - gbrt - INFO - ------------------------------------------------
2019-08-28 15:52:13,750 - gbrt - INFO - start year2015 layers3 emb128 multitask(0.5, 0.25, 0.25)
2019-08-28 15:52:16,151 - gbrt - INFO - training
2019-08-28 16:08:41,723 - gbrt - INFO - finish training
2019-08-28 16:08:42,606 - gbrt - INFO - test result: {'RMSE': 4.835897917044131, 'MAE': 1.7209267091598612, 'MAPE': 0.6880161090508856, 'CPC': 0.7446775044956355, 'CPL': 0.9988837620534358}
2019-08-28 16:08:42,617 - gbrt - INFO - ------------------------------------------------
2019-08-28 16:08:42,617 - gbrt - INFO - ------------------------------------------------
2019-08-28 16:08:42,617 - gbrt - INFO - start year2015 layers1 emb32 multitask(0.5, 0.25, 0.25)
2019-08-28 16:08:43,470 - gbrt - INFO - training
2019-08-28 16:12:43,320 - gbrt - INFO - finish training
2019-08-28 16:12:43,881 - gbrt - INFO - test result: {'RMSE': 5.25606095646057, 'MAE': 1.871832817717283, 'MAPE': 0.7351194443473893, 'CPC': 0.7222602031715302, 'CPL': 0.9999558398975485}
2019-08-28 16:12:43,887 - gbrt - INFO - ------------------------------------------------
2019-08-28 16:12:43,887 - gbrt - INFO - ------------------------------------------------
2019-08-28 16:12:43,887 - gbrt - INFO - start year2015 layers1 emb64 multitask(0.5, 0.25, 0.25)
2019-08-28 16:12:45,147 - gbrt - INFO - training
2019-08-28 16:20:57,750 - gbrt - INFO - finish training
2019-08-28 16:20:58,456 - gbrt - INFO - test result: {'RMSE': 4.918201814153677, 'MAE': 1.763842567231851, 'MAPE': 0.7023359828206543, 'CPC': 0.7382965744844617, 'CPL': 0.9995499363560307}
2019-08-28 16:20:58,463 - gbrt - INFO - ------------------------------------------------
2019-08-28 16:20:58,463 - gbrt - INFO - ------------------------------------------------
2019-08-28 16:20:58,463 - gbrt - INFO - start year2015 layers1 emb256 multitask(0.5, 0.25, 0.25)
2019-08-28 16:21:02,486 - gbrt - INFO - training
2019-08-28 17:01:22,617 - gbrt - INFO - finish training
2019-08-28 17:01:23,873 - gbrt - INFO - test result: {'RMSE': 4.878745048726112, 'MAE': 1.746255764475976, 'MAPE': 0.7004308450372521, 'CPC': 0.7409711579674119, 'CPL': 0.9995416491793864}
2019-08-28 17:01:23,879 - gbrt - INFO - ------------------------------------------------
2019-08-28 17:01:23,879 - gbrt - INFO - ------------------------------------------------
2019-08-28 17:01:23,879 - gbrt - INFO - start year2015 layers1 emb128 multitask(0.33, 0.33, 0.33)
2019-08-28 17:01:26,386 - gbrt - INFO - training
2019-08-28 17:19:35,549 - gbrt - INFO - finish training
2019-08-28 17:19:36,505 - gbrt - INFO - test result: {'RMSE': 4.884110552790482, 'MAE': 1.7451846233605233, 'MAPE': 0.6976985291013805, 'CPC': 0.7409930663127708, 'CPL': 0.9996659424150983}
2019-08-28 17:19:36,512 - gbrt - INFO - ------------------------------------------------
2019-08-28 17:19:36,512 - gbrt - INFO - ------------------------------------------------
2019-08-28 17:19:36,512 - gbrt - INFO - start year2015 layers1 emb128 multitask(0.66, 0.165, 0.165)
2019-08-28 17:19:38,810 - gbrt - INFO - training
2019-08-28 17:38:06,486 - gbrt - INFO - finish training
2019-08-28 17:38:07,379 - gbrt - INFO - test result: {'RMSE': 4.8984922717515245, 'MAE': 1.7501087476045907, 'MAPE': 0.7000840220007674, 'CPC': 0.7402810838039283, 'CPL': 0.9998371402939755}
2019-08-28 17:38:07,385 - gbrt - INFO - ------------------------------------------------
2019-08-28 17:38:07,385 - gbrt - INFO - ------------------------------------------------
2019-08-28 17:38:07,386 - gbrt - INFO - start year2015 layers1 emb128 multitask(0.75, 0.125, 0.125)
2019-08-28 17:38:09,817 - gbrt - INFO - training
2019-08-28 17:56:19,995 - gbrt - INFO - finish training
2019-08-28 17:56:20,894 - gbrt - INFO - test result: {'RMSE': 5.097223080231847, 'MAE': 1.810319297736675, 'MAPE': 0.7136167520006707, 'CPC': 0.7313833743715786, 'CPL': 1.0}
2019-08-28 17:56:20,901 - gbrt - INFO - ------------------------------------------------
2019-08-28 17:56:20,901 - gbrt - INFO - ------------------------------------------------
2019-08-28 17:56:20,901 - gbrt - INFO - start year2015 layers1 emb128 multitask(1, 0, 0)
2019-08-28 17:56:23,304 - gbrt - INFO - training
2019-08-28 18:13:18,452 - gbrt - INFO - finish training
2019-08-28 18:13:19,374 - gbrt - INFO - test result: {'RMSE': 5.841911949091738, 'MAE': 2.1597353535641384, 'MAPE': 0.8949388992304712, 'CPC': 0.6797837563903701, 'CPL': 0.9998426618305882}
2019-08-28 18:13:19,381 - gbrt - INFO - ------------------------------------------------
2019-08-28 18:13:19,381 - gbrt - INFO - all done
